17:18:46 **** Build of configuration Debug for project Practice05_KString ****
make all 
Building file: ../src/Practice05_KString.cpp
Invoking: GCC C++ Compiler
g++ -std=c++17 -O0 -g3 -Wall -c -fmessage-length=0 -MMD -MP -MF"src/Practice05_KString.d" -MT"src/Practice05_KString.o" -o "src/Practice05_KString.o" "../src/Practice05_KString.cpp"
In file included from ../src/Practice05_KString.cpp:10:
../src/KString.h:33:3: warning: 'delete' applied to a pointer that was allocated with 'new[]'; did you mean 'delete[]'? [-Wmismatched-new-delete]
                delete sbuf;
                ^
                      []
../src/KString.h:26:48: note: allocated with 'new[]' here
        KString(const char* s): size{strlen(s)}, sbuf{new char[size+1]}{
                                                      ^
../src/KString.h:29:56: note: allocated with 'new[]' here
        KString(const KString& other): size{other.size}, sbuf{new char[size+1]}{
                                                              ^
Finished building: ../src/Practice05_KString.cpp
../src/KString.h:37:4: warning: 'delete' applied to a pointer that was allocated with 'new[]'; did you mean 'delete[]'? [-Wmismatched-new-delete]
                        delete sbuf;
                        ^
                              []
../src/KString.h:26:48: note: allocated with 'new[]' here
        KString(const char* s): size{strlen(s)}, sbuf{new char[size+1]}{
                                                      ^
../src/KString.h:29:56: note: allocated with 'new[]' here
        KString(const KString& other): size{other.size}, sbuf{new char[size+1]}{
                                                              ^
 
2 warnings generated.
Building target: Practice05_KString
Invoking: MacOS X C++ Linker
g++  -o "Practice05_KString"  ./src/Practice05_KString.o   
Finished building target: Practice05_KString
 

17:18:47 Build Finished. 0 errors, 2 warnings. (took 1s.105ms)

